<?xml version="1.0" encoding="UTF-8"?>
<testng-results ignored="0" total="1" passed="1" failed="0" skipped="0">
  <reporter-output>
  </reporter-output>
  <suite started-at="2025-05-21T21:33:50 IST" name="Suite" finished-at="2025-05-21T21:33:56 IST" duration-ms="5518">
    <groups>
    </groups>
    <test started-at="2025-05-21T21:33:50 IST" name="Test" finished-at="2025-05-21T21:33:56 IST" duration-ms="5518">
      <class name="com.zoho.testscripts.demo">
        <test-method signature="demos()[pri:0, instance:com.zoho.testscripts.demo@14cd1699]" started-at="2025-05-21T21:33:50 IST" name="demos" finished-at="2025-05-21T21:33:56 IST" duration-ms="5405" status="PASS">
          <reporter-output>
          </reporter-output>
        </test-method> <!-- demos -->
      </class> <!-- com.zoho.testscripts.demo -->
    </test> <!-- Test -->
  </suite> <!-- Suite -->
</testng-results>
