<?xml version="1.0" encoding="UTF-8"?>
<testng-results ignored="0" total="1" passed="1" failed="0" skipped="0">
  <reporter-output>
  </reporter-output>
  <suite started-at="2025-05-22T19:05:09 IST" name="Default suite" finished-at="2025-05-22T19:05:31 IST" duration-ms="21556">
    <groups>
    </groups>
    <test started-at="2025-05-22T19:05:09 IST" name="Default test" finished-at="2025-05-22T19:05:31 IST" duration-ms="21556">
      <class name="com.zoho.testscripts.demo">
        <test-method signature="demos()[pri:0, instance:com.zoho.testscripts.demo@14cd1699]" started-at="2025-05-22T19:05:09 IST" name="demos" finished-at="2025-05-22T19:05:31 IST" duration-ms="21485" status="PASS">
          <reporter-output>
          </reporter-output>
        </test-method> <!-- demos -->
      </class> <!-- com.zoho.testscripts.demo -->
    </test> <!-- Default test -->
  </suite> <!-- Default suite -->
</testng-results>
